TN:
SF:next-auth-couch-adapter\index.ts
FN:80,MyAdapter
FN:89,getInstance
FN:96,setupModels
FN:126,(anonymous_3)
FN:133,(anonymous_4)
FN:139,(anonymous_5)
FN:145,(anonymous_6)
FN:149,(anonymous_7)
FN:156,(anonymous_8)
FN:167,(anonymous_9)
FN:182,(anonymous_10)
FN:194,(anonymous_11)
FN:199,(anonymous_12)
FN:211,(anonymous_13)
FN:220,(anonymous_14)
FNF:15
FNH:11
FNDA:4,MyAdapter
FNDA:10,getInstance
FNDA:2,setupModels
FNDA:1,(anonymous_3)
FNDA:0,(anonymous_4)
FNDA:1,(anonymous_5)
FNDA:2,(anonymous_6)
FNDA:2,(anonymous_7)
FNDA:0,(anonymous_8)
FNDA:1,(anonymous_9)
FNDA:1,(anonymous_10)
FNDA:3,(anonymous_11)
FNDA:0,(anonymous_12)
FNDA:0,(anonymous_13)
FNDA:1,(anonymous_14)
DA:31,4
DA:38,4
DA:43,4
DA:58,4
DA:62,4
DA:73,4
DA:81,4
DA:90,10
DA:92,10
DA:93,10
DA:97,2
DA:98,2
DA:99,2
DA:102,2
DA:105,2
DA:106,2
DA:108,2
DA:109,2
DA:110,2
DA:115,2
DA:116,2
DA:117,2
DA:118,2
DA:121,2
DA:122,2
DA:125,4
DA:127,1
DA:128,1
DA:129,1
DA:130,1
DA:134,0
DA:135,0
DA:136,0
DA:140,1
DA:141,1
DA:142,1
DA:146,2
DA:147,2
DA:150,2
DA:151,0
DA:153,2
DA:157,0
DA:158,0
DA:159,0
DA:168,1
DA:169,1
DA:170,1
DA:171,1
DA:172,1
DA:173,1
DA:174,1
DA:183,1
DA:184,1
DA:185,1
DA:190,1
DA:191,1
DA:195,3
DA:196,3
DA:200,0
DA:201,0
DA:203,3
DA:204,3
DA:208,3
DA:212,0
DA:213,0
DA:217,0
DA:221,1
DA:222,1
DA:223,1
LF:69
LH:57
BRDA:92,0,0,10
BRDA:92,0,1,1
BRDA:93,1,0,10
BRDA:93,1,1,2
BRDA:108,2,0,2
BRDA:108,2,1,1
BRDA:109,3,0,2
BRDA:109,3,1,1
BRDA:110,4,0,2
BRDA:110,4,1,1
BRDA:115,5,0,2
BRDA:115,5,1,2
BRDA:116,6,0,2
BRDA:116,6,1,2
BRDA:117,7,0,2
BRDA:117,7,1,0
BRDA:117,8,0,2
BRDA:117,8,1,0
BRDA:141,9,0,1
BRDA:141,9,1,1
BRDA:150,10,0,2
BRDA:150,10,1,0
BRDA:153,11,0,2
BRDA:153,11,1,2
BRDA:172,12,0,0
BRDA:172,12,1,1
BRDA:200,13,0,0
BRDA:200,13,1,0
BRDA:203,14,0,0
BRDA:203,14,1,3
BRF:30
BRH:23
end_of_record
TN:
SF:src\components\Footer.tsx
FN:1,Layout
FNF:1
FNH:1
FNDA:45,Layout
DA:2,45
LF:1
LH:1
BRF:0
BRH:0
end_of_record
TN:
SF:src\components\Header.tsx
FN:4,Layout
FNF:1
FNH:1
FNDA:45,Layout
DA:5,45
LF:1
LH:1
BRF:0
BRH:0
end_of_record
TN:
SF:src\components\Layout.tsx
FN:5,(anonymous_0)
FNF:1
FNH:1
FNDA:45,(anonymous_0)
DA:5,17
DA:6,45
LF:2
LH:2
BRF:0
BRH:0
end_of_record
TN:
SF:src\components\userSignIn.tsx
FN:13,User
FN:17,(anonymous_1)
FN:23,(anonymous_2)
FN:41,(anonymous_3)
FN:46,(anonymous_4)
FN:51,(anonymous_5)
FNF:6
FNH:6
FNDA:89,User
FNDA:20,(anonymous_1)
FNDA:1,(anonymous_2)
FNDA:69,(anonymous_3)
FNDA:1,(anonymous_4)
FNDA:23,(anonymous_5)
DA:14,89
DA:15,89
DA:17,89
DA:18,20
DA:23,1
DA:41,89
DA:42,69
DA:46,1
DA:51,89
DA:52,23
DA:53,3
DA:55,20
DA:59,89
DA:60,20
DA:62,69
LF:15
LH:15
BRDA:52,0,0,3
BRDA:52,0,1,20
BRDA:59,1,0,20
BRDA:59,1,1,69
BRF:4
BRH:4
end_of_record
TN:
SF:src\pages\_app.tsx
FN:19,MyApp
FN:23,(anonymous_1)
FNF:2
FNH:2
FNDA:45,MyApp
FNDA:45,(anonymous_1)
DA:23,45
DA:24,45
LF:2
LH:2
BRDA:23,0,0,45
BRDA:23,0,1,45
BRF:2
BRH:2
end_of_record
TN:
SF:src\pages\index.tsx
FN:6,(anonymous_0)
FN:7,(anonymous_1)
FNF:2
FNH:2
FNDA:36,(anonymous_0)
FNDA:39,(anonymous_1)
DA:6,13
DA:7,39
DA:8,36
LF:3
LH:3
BRF:0
BRH:0
end_of_record
TN:
SF:src\pages\user-profile.tsx
FN:1,(anonymous_0)
FNF:1
FNH:1
FNDA:4,(anonymous_0)
DA:1,2
DA:2,4
LF:2
LH:2
BRF:0
BRH:0
end_of_record
TN:
SF:src\pages\api\hello.ts
FN:8,handler
FNF:1
FNH:1
FNDA:1,handler
DA:12,1
LF:1
LH:1
BRF:0
BRH:0
end_of_record
TN:
SF:src\pages\api\auth\[...nextauth].ts
FNF:0
FNH:0
DA:8,4
LF:1
LH:1
BRF:0
BRH:0
end_of_record
TN:
SF:src\pages\docs\colors.tsx
FN:3,(anonymous_0)
FN:39,(anonymous_1)
FN:44,(anonymous_2)
FNF:3
FNH:3
FNDA:8,(anonymous_0)
FNDA:80,(anonymous_1)
FNDA:800,(anonymous_2)
DA:3,4
DA:4,8
DA:8,8
DA:9,8
DA:21,8
DA:40,80
DA:41,80
DA:45,800
LF:8
LH:8
BRF:0
BRH:0
end_of_record
TN:
SF:src\store\hooks.ts
FN:5,(anonymous_0)
FNF:1
FNH:1
FNDA:89,(anonymous_0)
DA:5,89
DA:6,17
LF:2
LH:2
BRF:0
BRH:0
end_of_record
TN:
SF:src\store\index.ts
FNF:0
FNH:0
DA:4,17
LF:1
LH:1
BRF:0
BRH:0
end_of_record
TN:
SF:src\store\slices\userSessionSlice.ts
FN:38,(anonymous_0)
FN:40,(anonymous_1)
FN:47,(anonymous_2)
FNF:3
FNH:3
FNDA:3,(anonymous_0)
FNDA:20,(anonymous_1)
FNDA:39,(anonymous_2)
DA:24,17
DA:33,17
DA:39,3
DA:40,20
DA:44,17
DA:47,39
LF:6
LH:6
BRF:0
BRH:0
end_of_record
