TN:
SF:src\components\Footer.tsx
FN:1,Layout
FNF:1
FNH:1
FNDA:51,Layout
DA:2,51
LF:1
LH:1
BRF:0
BRH:0
end_of_record
TN:
SF:src\components\Header.tsx
FN:4,Layout
FNF:1
FNH:1
FNDA:51,Layout
DA:5,51
LF:1
LH:1
BRF:0
BRH:0
end_of_record
TN:
SF:src\components\Layout.tsx
FN:5,(anonymous_0)
FNF:1
FNH:1
FNDA:51,(anonymous_0)
DA:5,17
DA:6,51
LF:2
LH:2
BRF:0
BRH:0
end_of_record
TN:
SF:src\components\userSignIn.tsx
FN:13,User
FN:17,(anonymous_1)
FN:23,(anonymous_2)
FN:41,(anonymous_3)
FN:46,(anonymous_4)
FN:51,(anonymous_5)
FNF:6
FNH:6
FNDA:95,User
FNDA:20,(anonymous_1)
FNDA:1,(anonymous_2)
FNDA:75,(anonymous_3)
FNDA:1,(anonymous_4)
FNDA:23,(anonymous_5)
DA:14,95
DA:15,95
DA:17,95
DA:18,20
DA:23,1
DA:41,95
DA:42,75
DA:46,1
DA:51,95
DA:52,23
DA:53,3
DA:55,20
DA:59,95
DA:60,20
DA:62,75
LF:15
LH:15
BRDA:52,0,0,3
BRDA:52,0,1,20
BRDA:59,1,0,20
BRDA:59,1,1,75
BRF:4
BRH:4
end_of_record
TN:
SF:src\pages\_app.tsx
FN:19,MyApp
FN:23,(anonymous_1)
FNF:2
FNH:2
FNDA:51,MyApp
FNDA:51,(anonymous_1)
DA:23,51
DA:24,51
LF:2
LH:2
BRDA:23,0,0,51
BRDA:23,0,1,51
BRF:2
BRH:2
end_of_record
TN:
SF:src\pages\index.tsx
FN:6,(anonymous_0)
FN:7,(anonymous_1)
FNF:2
FNH:2
FNDA:42,(anonymous_0)
FNDA:45,(anonymous_1)
DA:6,13
DA:7,45
DA:8,42
LF:3
LH:3
BRF:0
BRH:0
end_of_record
TN:
SF:src\pages\user-profile.tsx
FN:1,(anonymous_0)
FNF:1
FNH:1
FNDA:4,(anonymous_0)
DA:1,2
DA:2,4
LF:2
LH:2
BRF:0
BRH:0
end_of_record
TN:
SF:src\pages\api\hello.ts
FN:8,handler
FNF:1
FNH:1
FNDA:1,handler
DA:12,1
LF:1
LH:1
BRF:0
BRH:0
end_of_record
TN:
SF:src\pages\api\auth\[...nextauth].ts
FNF:0
FNH:0
DA:6,4
LF:1
LH:1
BRF:0
BRH:0
end_of_record
TN:
SF:src\pages\docs\colors.tsx
FN:3,(anonymous_0)
FN:39,(anonymous_1)
FN:44,(anonymous_2)
FNF:3
FNH:3
FNDA:8,(anonymous_0)
FNDA:80,(anonymous_1)
FNDA:800,(anonymous_2)
DA:3,4
DA:4,8
DA:8,8
DA:9,8
DA:21,8
DA:40,80
DA:41,80
DA:45,800
LF:8
LH:8
BRF:0
BRH:0
end_of_record
TN:
SF:src\store\hooks.ts
FN:5,(anonymous_0)
FNF:1
FNH:1
FNDA:95,(anonymous_0)
DA:5,95
DA:6,17
LF:2
LH:2
BRF:0
BRH:0
end_of_record
TN:
SF:src\store\index.ts
FNF:0
FNH:0
DA:4,17
LF:1
LH:1
BRF:0
BRH:0
end_of_record
TN:
SF:src\store\slices\userSessionSlice.ts
FN:38,(anonymous_0)
FN:40,(anonymous_1)
FN:47,(anonymous_2)
FNF:3
FNH:3
FNDA:3,(anonymous_0)
FNDA:20,(anonymous_1)
FNDA:45,(anonymous_2)
DA:24,17
DA:33,17
DA:39,3
DA:40,20
DA:44,17
DA:47,45
LF:6
LH:6
BRF:0
BRH:0
end_of_record
